# JRE version: OpenJDK Runtime Environment Temurin-21.0.11+10 (21.0.11+10) (build 21.0.11+10-LTS)
# Java VM: OpenJDK 64-Bit Server VM Temurin-21.0.11+10 (21.0.11+10-LTS, mixed mode, sharing, tiered, compressed oops, compressed class ptrs, parallel gc, windows-amd64)
GC Precious Log:
 CardTable entry size: 512
 CPUs: 4 total, 4 available
 Memory: 16251M
 Large Page Support: Disabled
 NUMA Support: Disabled
 Compressed Oops: Enabled (32-bit)
 Alignments: Space 512K, Generation 512K, Heap 2M
 Heap Min Capacity: 100M
 Heap Initial Capacity: 100M
 Heap Max Capacity: 2G
 Pre-touch: Disabled
 Parallel Workers: 4
Heap:
 PSYoungGen      total 2560K, used 1272K [0x00000000d5580000, 0x00000000d5980000, 0x0000000100000000)
  eden space 2048K, 37% used [0x00000000d5580000,0x00000000d5640358,0x00000000d5780000)
  from space 512K, 98% used [0x00000000d5880000,0x00000000d58fe078,0x00000000d5900000)
  to   space 1024K, 0% used [0x00000000d5780000,0x00000000d5780000,0x00000000d5880000)
 ParOldGen       total 1214976K, used 704833K [0x0000000080000000, 0x00000000ca280000, 0x00000000d5580000)
  object space 1214976K, 58% used [0x0000000080000000,0x00000000ab0506e0,0x00000000ca280000)
 Metaspace       used 87934K, committed 89536K, reserved 1179648K
  class space    used 9067K, committed 9792K, reserved 1048576K
GC Heap History (20 events):
Event: 2462.923 GC heap before
{Heap before GC invocations=2419 (full 4):
 PSYoungGen      total 2560K, used 2175K [0x00000000d5580000, 0x00000000d5900000, 0x0000000100000000)
  eden space 2048K, 99% used [0x00000000d5580000,0x00000000d577fff8,0x00000000d5780000)
  from space 512K, 25% used [0x00000000d5880000,0x00000000d58a0000,0x00000000d5900000)
  to   space 512K, 0% used [0x00000000d5800000,0x00000000d5800000,0x00000000d5880000)
 ParOldGen       total 1214976K, used 703256K [0x0000000080000000, 0x00000000ca280000, 0x00000000d5580000)
  object space 1214976K, 57% used [0x0000000080000000,0x00000000aaec6320,0x00000000ca280000)
 Metaspace       used 87835K, committed 89472K, reserved 1179648K
  class space    used 9059K, committed 9792K, reserved 1048576K
}
Event: 2462.925 GC heap after
{Heap after GC invocations=2419 (full 4):
 PSYoungGen      total 2560K, used 128K [0x00000000d5580000, 0x00000000d5900000, 0x0000000100000000)
  eden space 2048K, 0% used [0x00000000d5580000,0x00000000d5580000,0x00000000d5780000)
  from space 512K, 25% used [0x00000000d5800000,0x00000000d5820000,0x00000000d5880000)
  to   space 512K, 0% used [0x00000000d5880000,0x00000000d5880000,0x00000000d5900000)
 ParOldGen       total 1214976K, used 703280K [0x0000000080000000, 0x00000000ca280000, 0x00000000d5580000)
  object space 1214976K, 57% used [0x0000000080000000,0x00000000aaecc320,0x00000000ca280000)
 Metaspace       used 87835K, committed 89472K, reserved 1179648K
  class space    used 9059K, committed 9792K, reserved 1048576K
}
Event: 2462.936 GC heap before
{Heap before GC invocations=2420 (full 4):
 PSYoungGen      total 2560K, used 2176K [0x00000000d5580000, 0x00000000d5900000, 0x0000000100000000)
  eden space 2048K, 100% used [0x00000000d5580000,0x00000000d5780000,0x00000000d5780000)
  from space 512K, 25% used [0x00000000d5800000,0x00000000d5820000,0x00000000d5880000)
  to   space 512K, 0% used [0x00000000d5880000,0x00000000d5880000,0x00000000d5900000)
 ParOldGen       total 1214976K, used 703280K [0x0000000080000000, 0x00000000ca280000, 0x00000000d5580000)
  object space 1214976K, 57% used [0x0000000080000000,0x00000000aaecc320,0x00000000ca280000)
 Metaspace       used 87835K, committed 89472K, reserved 1179648K
  class space    used 9059K, committed 9792K, reserved 1048576K
}
Event: 2462.938 GC heap after
{Heap after GC invocations=2420 (full 4):
 PSYoungGen      total 2560K, used 512K [0x00000000d5580000, 0x00000000d5980000, 0x0000000100000000)
  eden space 2048K, 0% used [0x00000000d5580000,0x00000000d5580000,0x00000000d5780000)
  from space 512K, 100% used [0x00000000d5880000,0x00000000d5900000,0x00000000d5900000)
  to   space 1024K, 0% used [0x00000000d5780000,0x00000000d5780000,0x00000000d5880000)
 ParOldGen       total 1214976K, used 703312K [0x0000000080000000, 0x00000000ca280000, 0x00000000d5580000)
  object space 1214976K, 57% used [0x0000000080000000,0x00000000aaed4320,0x00000000ca280000)
 Metaspace       used 87835K, committed 89472K, reserved 1179648K
  class space    used 9059K, committed 9792K, reserved 1048576K
}
Event: 2463.333 GC heap before
{Heap before GC invocations=2421 (full 4):
 PSYoungGen      total 2560K, used 2560K [0x00000000d5580000, 0x00000000d5980000, 0x0000000100000000)
  eden space 2048K, 100% used [0x00000000d5580000,0x00000000d5780000,0x00000000d5780000)
  from space 512K, 100% used [0x00000000d5880000,0x00000000d5900000,0x00000000d5900000)
  to   space 1024K, 0% used [0x00000000d5780000,0x00000000d5780000,0x00000000d5880000)
 ParOldGen       total 1214976K, used 703312K [0x0000000080000000, 0x00000000ca280000, 0x00000000d5580000)
  object space 1214976K, 57% used [0x0000000080000000,0x00000000aaed4320,0x00000000ca280000)
 Metaspace       used 87838K, committed 89472K, reserved 1179648K
  class space    used 9059K, committed 9792K, reserved 1048576K
}
Event: 2463.335 GC heap after
{Heap after GC invocations=2421 (full 4):
 PSYoungGen      total 3072K, used 448K [0x00000000d5580000, 0x00000000d5900000, 0x0000000100000000)
  eden space 2048K, 0% used [0x00000000d5580000,0x00000000d5580000,0x00000000d5780000)
  from space 1024K, 43% used [0x00000000d5780000,0x00000000d57f0000,0x00000000d5880000)
  to   space 512K, 0% used [0x00000000d5880000,0x00000000d5880000,0x00000000d5900000)
 ParOldGen       total 1214976K, used 703741K [0x0000000080000000, 0x00000000ca280000, 0x00000000d5580000)
  object space 1214976K, 57% used [0x0000000080000000,0x00000000aaf3f7b0,0x00000000ca280000)
 Metaspace       used 87838K, committed 89472K, reserved 1179648K
  class space    used 9059K, committed 9792K, reserved 1048576K
}
Event: 3626.402 GC heap before
{Heap before GC invocations=2422 (full 4):
 PSYoungGen      total 3072K, used 2495K [0x00000000d5580000, 0x00000000d5900000, 0x0000000100000000)
  eden space 2048K, 99% used [0x00000000d5580000,0x00000000d577fff0,0x00000000d5780000)
  from space 1024K, 43% used [0x00000000d5780000,0x00000000d57f0000,0x00000000d5880000)
  to   space 512K, 0% used [0x00000000d5880000,0x00000000d5880000,0x00000000d5900000)
 ParOldGen       total 1214976K, used 703741K [0x0000000080000000, 0x00000000ca280000, 0x00000000d5580000)
  object space 1214976K, 57% used [0x0000000080000000,0x00000000aaf3f7b0,0x00000000ca280000)
 Metaspace       used 87842K, committed 89472K, reserved 1179648K
  class space    used 9059K, committed 9792K, reserved 1048576K
}
Event: 3626.407 GC heap after
{Heap after GC invocations=2422 (full 4):
 PSYoungGen      total 2560K, used 160K [0x00000000d5580000, 0x00000000d5900000, 0x0000000100000000)
  eden space 2048K, 0% used [0x00000000d5580000,0x00000000d5580000,0x00000000d5780000)
  from space 512K, 31% used [0x00000000d5880000,0x00000000d58a8000,0x00000000d5900000)
  to   space 512K, 0% used [0x00000000d5800000,0x00000000d5800000,0x00000000d5880000)
 ParOldGen       total 1214976K, used 703821K [0x0000000080000000, 0x00000000ca280000, 0x00000000d5580000)
  object space 1214976K, 57% used [0x0000000080000000,0x00000000aaf537b0,0x00000000ca280000)
 Metaspace       used 87842K, committed 89472K, reserved 1179648K
  class space    used 9059K, committed 9792K, reserved 1048576K
}
Event: 3626.843 GC heap before
{Heap before GC invocations=2423 (full 4):
 PSYoungGen      total 2560K, used 2207K [0x00000000d5580000, 0x00000000d5900000, 0x0000000100000000)
  eden space 2048K, 99% used [0x00000000d5580000,0x00000000d577ffe8,0x00000000d5780000)
  from space 512K, 31% used [0x00000000d5880000,0x00000000d58a8000,0x00000000d5900000)
  to   space 512K, 0% used [0x00000000d5800000,0x00000000d5800000,0x00000000d5880000)
 ParOldGen       total 1214976K, used 703821K [0x0000000080000000, 0x00000000ca280000, 0x00000000d5580000)
  object space 1214976K, 57% used [0x0000000080000000,0x00000000aaf537b0,0x00000000ca280000)
 Metaspace       used 87842K, committed 89472K, reserved 1179648K
  class space    used 9059K, committed 9792K, reserved 1048576K
}
Event: 3626.845 GC heap after
{Heap after GC invocations=2423 (full 4):
 PSYoungGen      total 2560K, used 368K [0x00000000d5580000, 0x00000000d5900000, 0x0000000100000000)
  eden space 2048K, 0% used [0x00000000d5580000,0x00000000d5580000,0x00000000d5780000)
  from space 512K, 71% used [0x00000000d5800000,0x00000000d585c030,0x00000000d5880000)
  to   space 512K, 0% used [0x00000000d5880000,0x00000000d5880000,0x00000000d5900000)
 ParOldGen       total 1214976K, used 703853K [0x0000000080000000, 0x00000000ca280000, 0x00000000d5580000)
  object space 1214976K, 57% used [0x0000000080000000,0x00000000aaf5b7b0,0x00000000ca280000)
 Metaspace       used 87842K, committed 89472K, reserved 1179648K
  class space    used 9059K, committed 9792K, reserved 1048576K
}
Event: 3626.858 GC heap before
{Heap before GC invocations=2424 (full 4):
 PSYoungGen      total 2560K, used 2408K [0x00000000d5580000, 0x00000000d5900000, 0x0000000100000000)
  eden space 2048K, 99% used [0x00000000d5580000,0x00000000d577e320,0x00000000d5780000)
  from space 512K, 71% used [0x00000000d5800000,0x00000000d585c030,0x00000000d5880000)
  to   space 512K, 0% used [0x00000000d5880000,0x00000000d5880000,0x00000000d5900000)
 ParOldGen       total 1214976K, used 703853K [0x0000000080000000, 0x00000000ca280000, 0x00000000d5580000)
  object space 1214976K, 57% used [0x0000000080000000,0x00000000aaf5b7b0,0x00000000ca280000)
 Metaspace       used 87842K, committed 89472K, reserved 1179648K
  class space    used 9059K, committed 9792K, reserved 1048576K
}
Event: 3626.861 GC heap after
{Heap after GC invocations=2424 (full 4):
 PSYoungGen      total 2560K, used 32K [0x00000000d5580000, 0x00000000d5900000, 0x0000000100000000)
  eden space 2048K, 0% used [0x00000000d5580000,0x00000000d5580000,0x00000000d5780000)
  from space 512K, 6% used [0x00000000d5880000,0x00000000d5888000,0x00000000d5900000)
  to   space 512K, 0% used [0x00000000d5800000,0x00000000d5800000,0x00000000d5880000)
 ParOldGen       total 1214976K, used 703933K [0x0000000080000000, 0x00000000ca280000, 0x00000000d5580000)
  object space 1214976K, 57% used [0x0000000080000000,0x00000000aaf6f7d0,0x00000000ca280000)
 Metaspace       used 87842K, committed 89472K, reserved 1179648K
  class space    used 9059K, committed 9792K, reserved 1048576K
}
Event: 3628.307 GC heap before
{Heap before GC invocations=2425 (full 4):
 PSYoungGen      total 2560K, used 2080K [0x00000000d5580000, 0x00000000d5900000, 0x0000000100000000)
  eden space 2048K, 100% used [0x00000000d5580000,0x00000000d5780000,0x00000000d5780000)
  from space 512K, 6% used [0x00000000d5880000,0x00000000d5888000,0x00000000d5900000)
  to   space 512K, 0% used [0x00000000d5800000,0x00000000d5800000,0x00000000d5880000)
 ParOldGen       total 1214976K, used 703933K [0x0000000080000000, 0x00000000ca280000, 0x00000000d5580000)
  object space 1214976K, 57% used [0x0000000080000000,0x00000000aaf6f7d0,0x00000000ca280000)
 Metaspace       used 87847K, committed 89472K, reserved 1179648K
  class space    used 9059K, committed 9792K, reserved 1048576K
}
Event: 3628.310 GC heap after
{Heap after GC invocations=2425 (full 4):
 PSYoungGen      total 2560K, used 416K [0x00000000d5580000, 0x00000000d5900000, 0x0000000100000000)
  eden space 2048K, 0% used [0x00000000d5580000,0x00000000d5580000,0x00000000d5780000)
  from space 512K, 81% used [0x00000000d5800000,0x00000000d5868020,0x00000000d5880000)
  to   space 512K, 0% used [0x00000000d5880000,0x00000000d5880000,0x00000000d5900000)
 ParOldGen       total 1214976K, used 703941K [0x0000000080000000, 0x00000000ca280000, 0x00000000d5580000)
  object space 1214976K, 57% used [0x0000000080000000,0x00000000aaf717d0,0x00000000ca280000)
 Metaspace       used 87847K, committed 89472K, reserved 1179648K
  class space    used 9059K, committed 9792K, reserved 1048576K
}
Event: 3628.704 GC heap before
{Heap before GC invocations=2426 (full 4):
 PSYoungGen      total 2560K, used 2464K [0x00000000d5580000, 0x00000000d5900000, 0x0000000100000000)
  eden space 2048K, 100% used [0x00000000d5580000,0x00000000d5780000,0x00000000d5780000)
  from space 512K, 81% used [0x00000000d5800000,0x00000000d5868020,0x00000000d5880000)
  to   space 512K, 0% used [0x00000000d5880000,0x00000000d5880000,0x00000000d5900000)
 ParOldGen       total 1214976K, used 703941K [0x0000000080000000, 0x00000000ca280000, 0x00000000d5580000)
  object space 1214976K, 57% used [0x0000000080000000,0x00000000aaf717d0,0x00000000ca280000)
 Metaspace       used 87847K, committed 89472K, reserved 1179648K
  class space    used 9059K, committed 9792K, reserved 1048576K
}
Event: 3628.707 GC heap after
{Heap after GC invocations=2426 (full 4):
 PSYoungGen      total 2560K, used 400K [0x00000000d5580000, 0x00000000d5900000, 0x0000000100000000)
  eden space 2048K, 0% used [0x00000000d5580000,0x00000000d5580000,0x00000000d5780000)
  from space 512K, 78% used [0x00000000d5880000,0x00000000d58e4010,0x00000000d5900000)
  to   space 512K, 0% used [0x00000000d5800000,0x00000000d5800000,0x00000000d5880000)
 ParOldGen       total 1214976K, used 704292K [0x0000000080000000, 0x00000000ca280000, 0x00000000d5580000)
  object space 1214976K, 57% used [0x0000000080000000,0x00000000aafc9240,0x00000000ca280000)
 Metaspace       used 87847K, committed 89472K, reserved 1179648K
  class space    used 9059K, committed 9792K, reserved 1048576K
}
Event: 10064.049 GC heap before
{Heap before GC invocations=2427 (full 4):
 PSYoungGen      total 2560K, used 2441K [0x00000000d5580000, 0x00000000d5900000, 0x0000000100000000)
  eden space 2048K, 99% used [0x00000000d5580000,0x00000000d577e4e0,0x00000000d5780000)
  from space 512K, 78% used [0x00000000d5880000,0x00000000d58e4010,0x00000000d5900000)
  to   space 512K, 0% used [0x00000000d5800000,0x00000000d5800000,0x00000000d5880000)
 ParOldGen       total 1214976K, used 704292K [0x0000000080000000, 0x00000000ca280000, 0x00000000d5580000)
  object space 1214976K, 57% used [0x0000000080000000,0x00000000aafc9240,0x00000000ca280000)
 Metaspace       used 87898K, committed 89536K, reserved 1179648K
  class space    used 9063K, committed 9792K, reserved 1048576K
}
Event: 10064.122 GC heap after
{Heap after GC invocations=2427 (full 4):
 PSYoungGen      total 2560K, used 192K [0x00000000d5580000, 0x00000000d5900000, 0x0000000100000000)
  eden space 2048K, 0% used [0x00000000d5580000,0x00000000d5580000,0x00000000d5780000)
  from space 512K, 37% used [0x00000000d5800000,0x00000000d5830020,0x00000000d5880000)
  to   space 512K, 0% used [0x00000000d5880000,0x00000000d5880000,0x00000000d5900000)
 ParOldGen       total 1214976K, used 704444K [0x0000000080000000, 0x00000000ca280000, 0x00000000d5580000)
  object space 1214976K, 57% used [0x0000000080000000,0x00000000aafef240,0x00000000ca280000)
 Metaspace       used 87898K, committed 89536K, reserved 1179648K
  class space    used 9063K, committed 9792K, reserved 1048576K
}
Event: 10064.320 GC heap before
{Heap before GC invocations=2428 (full 4):
 PSYoungGen      total 2560K, used 2240K [0x00000000d5580000, 0x00000000d5900000, 0x0000000100000000)
  eden space 2048K, 100% used [0x00000000d5580000,0x00000000d5780000,0x00000000d5780000)
  from space 512K, 37% used [0x00000000d5800000,0x00000000d5830020,0x00000000d5880000)
  to   space 512K, 0% used [0x00000000d5880000,0x00000000d5880000,0x00000000d5900000)
 ParOldGen       total 1214976K, used 704444K [0x0000000080000000, 0x00000000ca280000, 0x00000000d5580000)
  object space 1214976K, 57% used [0x0000000080000000,0x00000000aafef240,0x00000000ca280000)
 Metaspace       used 87916K, committed 89536K, reserved 1179648K
  class space    used 9067K, committed 9792K, reserved 1048576K
}
Event: 10064.328 GC heap after
{Heap after GC invocations=2428 (full 4):
 PSYoungGen      total 2560K, used 504K [0x00000000d5580000, 0x00000000d5980000, 0x0000000100000000)
  eden space 2048K, 0% used [0x00000000d5580000,0x00000000d5580000,0x00000000d5780000)
  from space 512K, 98% used [0x00000000d5880000,0x00000000d58fe078,0x00000000d5900000)
  to   space 1024K, 0% used [0x00000000d5780000,0x00000000d5780000,0x00000000d5880000)
 ParOldGen       total 1214976K, used 704833K [0x0000000080000000, 0x00000000ca280000, 0x00000000d5580000)
  object space 1214976K, 58% used [0x0000000080000000,0x00000000ab0506e0,0x00000000ca280000)
 Metaspace       used 87916K, committed 89536K, reserved 1179648K
  class space    used 9067K, committed 9792K, reserved 1048576K
}

